<?xml version="1.0" encoding="UTF-8"?>
<testsuite xmlns:xsi="http://www.w3.org/2001/XMLSchema-instance" xsi:noNamespaceSchemaLocation="https://maven.apache.org/surefire/maven-surefire-plugin/xsd/surefire-test-report-3.0.xsd" version="3.0" name="FibonacciTest" time="0.055" tests="4" errors="0" skipped="0" failures="0">
  <properties>
    <property name="java.specification.version" value="17"/>
    <property name="sun.cpu.isalist" value="amd64"/>
    <property name="sun.jnu.encoding" value="Cp1252"/>
    <property name="java.class.path" value="C:\Users\yohnep25\IdeaProjects\cen4802\fibonacci-project\target\test-classes;C:\Users\yohnep25\IdeaProjects\cen4802\fibonacci-project\target\classes;C:\Users\yohnep25\.m2\repository\org\junit\jupiter\junit-jupiter\5.10.0\junit-jupiter-5.10.0.jar;C:\Users\yohnep25\.m2\repository\org\junit\jupiter\junit-jupiter-api\5.10.0\junit-jupiter-api-5.10.0.jar;C:\Users\yohnep25\.m2\repository\org\opentest4j\opentest4j\1.3.0\opentest4j-1.3.0.jar;C:\Users\yohnep25\.m2\repository\org\junit\platform\junit-platform-commons\1.10.0\junit-platform-commons-1.10.0.jar;C:\Users\yohnep25\.m2\repository\org\apiguardian\apiguardian-api\1.1.2\apiguardian-api-1.1.2.jar;C:\Users\yohnep25\.m2\repository\org\junit\jupiter\junit-jupiter-params\5.10.0\junit-jupiter-params-5.10.0.jar;C:\Users\yohnep25\.m2\repository\org\junit\jupiter\junit-jupiter-engine\5.10.0\junit-jupiter-engine-5.10.0.jar;C:\Users\yohnep25\.m2\repository\org\junit\platform\junit-platform-engine\1.10.0\junit-platform-engine-1.10.0.jar;C:\Users\yohnep25\.m2\repository\org\apache\maven\plugins\maven-site-plugin\4.0.0-M16\maven-site-plugin-4.0.0-M16.jar;C:\Users\yohnep25\.m2\repository\org\apache\maven\reporting\maven-reporting-api\4.0.0-M12\maven-reporting-api-4.0.0-M12.jar;C:\Users\yohnep25\.m2\repository\org\apache\maven\reporting\maven-reporting-exec\2.0.0-M14\maven-reporting-exec-2.0.0-M14.jar;C:\Users\yohnep25\.m2\repository\org\slf4j\slf4j-api\1.7.36\slf4j-api-1.7.36.jar;C:\Users\yohnep25\.m2\repository\javax\inject\javax.inject\1\javax.inject-1.jar;C:\Users\yohnep25\.m2\repository\org\apache\maven\resolver\maven-resolver-api\1.4.1\maven-resolver-api-1.4.1.jar;C:\Users\yohnep25\.m2\repository\org\apache\maven\resolver\maven-resolver-util\1.4.1\maven-resolver-util-1.4.1.jar;C:\Users\yohnep25\.m2\repository\org\codehaus\plexus\plexus-classworlds\2.6.0\plexus-classworlds-2.6.0.jar;C:\Users\yohnep25\.m2\repository\org\apache\maven\shared\maven-shared-utils\3.4.2\maven-shared-utils-3.4.2.jar;C:\Users\yohnep25\.m2\repository\commons-io\commons-io\2.11.0\commons-io-2.11.0.jar;C:\Users\yohnep25\.m2\repository\org\apache\maven\maven-archiver\3.6.2\maven-archiver-3.6.2.jar;C:\Users\yohnep25\.m2\repository\org\codehaus\plexus\plexus-archiver\4.10.0\plexus-archiver-4.10.0.jar;C:\Users\yohnep25\.m2\repository\org\codehaus\plexus\plexus-io\3.5.0\plexus-io-3.5.0.jar;C:\Users\yohnep25\.m2\repository\org\apache\commons\commons-compress\1.26.2\commons-compress-1.26.2.jar;C:\Users\yohnep25\.m2\repository\commons-codec\commons-codec\1.17.0\commons-codec-1.17.0.jar;C:\Users\yohnep25\.m2\repository\io\airlift\aircompressor\0.27\aircompressor-0.27.jar;C:\Users\yohnep25\.m2\repository\org\tukaani\xz\1.9\xz-1.9.jar;C:\Users\yohnep25\.m2\repository\com\github\luben\zstd-jni\1.5.6-3\zstd-jni-1.5.6-3.jar;C:\Users\yohnep25\.m2\repository\org\codehaus\plexus\plexus-i18n\1.0-beta-10\plexus-i18n-1.0-beta-10.jar;C:\Users\yohnep25\.m2\repository\org\codehaus\plexus\plexus-utils\4.0.1\plexus-utils-4.0.1.jar;C:\Users\yohnep25\.m2\repository\org\codehaus\plexus\plexus-xml\3.0.0\plexus-xml-3.0.0.jar;C:\Users\yohnep25\.m2\repository\org\apache\maven\doxia\doxia-sink-api\2.0.0-M12\doxia-sink-api-2.0.0-M12.jar;C:\Users\yohnep25\.m2\repository\org\apache\maven\doxia\doxia-core\2.0.0-M12\doxia-core-2.0.0-M12.jar;C:\Users\yohnep25\.m2\repository\org\apache\commons\commons-text\1.12.0\commons-text-1.12.0.jar;C:\Users\yohnep25\.m2\repository\org\apache\maven\doxia\doxia-module-xhtml5\2.0.0-M12\doxia-module-xhtml5-2.0.0-M12.jar;C:\Users\yohnep25\.m2\repository\org\apache\maven\doxia\doxia-module-apt\2.0.0-M12\doxia-module-apt-2.0.0-M12.jar;C:\Users\yohnep25\.m2\repository\org\apache\maven\doxia\doxia-module-xdoc\2.0.0-M12\doxia-module-xdoc-2.0.0-M12.jar;C:\Users\yohnep25\.m2\repository\org\apache\maven\doxia\doxia-module-fml\2.0.0-M12\doxia-module-fml-2.0.0-M12.jar;C:\Users\yohnep25\.m2\repository\org\apache\maven\doxia\doxia-module-markdown\2.0.0-M12\doxia-module-markdown-2.0.0-M12.jar;C:\Users\yohnep25\.m2\repository\com\vladsch\flexmark\flexmark\0.62.2\flexmark-0.62.2.jar;C:\Users\yohnep25\.m2\repository\com\vladsch\flexmark\flexmark-util-builder\0.62.2\flexmark-util-builder-0.62.2.jar;C:\Users\yohnep25\.m2\repository\com\vladsch\flexmark\flexmark-util-collection\0.62.2\flexmark-util-collection-0.62.2.jar;C:\Users\yohnep25\.m2\repository\com\vladsch\flexmark\flexmark-util-dependency\0.62.2\flexmark-util-dependency-0.62.2.jar;C:\Users\yohnep25\.m2\repository\com\vladsch\flexmark\flexmark-util-format\0.62.2\flexmark-util-format-0.62.2.jar;C:\Users\yohnep25\.m2\repository\com\vladsch\flexmark\flexmark-util-html\0.62.2\flexmark-util-html-0.62.2.jar;C:\Users\yohnep25\.m2\repository\com\vladsch\flexmark\flexmark-util-visitor\0.62.2\flexmark-util-visitor-0.62.2.jar;C:\Users\yohnep25\.m2\repository\com\vladsch\flexmark\flexmark-util-data\0.62.2\flexmark-util-data-0.62.2.jar;C:\Users\yohnep25\.m2\repository\com\vladsch\flexmark\flexmark-util-misc\0.62.2\flexmark-util-misc-0.62.2.jar;C:\Users\yohnep25\.m2\repository\com\vladsch\flexmark\flexmark-util-sequence\0.62.2\flexmark-util-sequence-0.62.2.jar;C:\Users\yohnep25\.m2\repository\com\vladsch\flexmark\flexmark-util-ast\0.62.2\flexmark-util-ast-0.62.2.jar;C:\Users\yohnep25\.m2\repository\com\vladsch\flexmark\flexmark-ext-abbreviation\0.62.2\flexmark-ext-abbreviation-0.62.2.jar;C:\Users\yohnep25\.m2\repository\com\vladsch\flexmark\flexmark-util\0.62.2\flexmark-util-0.62.2.jar;C:\Users\yohnep25\.m2\repository\com\vladsch\flexmark\flexmark-util-options\0.62.2\flexmark-util-options-0.62.2.jar;C:\Users\yohnep25\.m2\repository\com\vladsch\flexmark\flexmark-ext-autolink\0.62.2\flexmark-ext-autolink-0.62.2.jar;C:\Users\yohnep25\.m2\repository\org\nibor\autolink\autolink\0.6.0\autolink-0.6.0.jar;C:\Users\yohnep25\.m2\repository\com\vladsch\flexmark\flexmark-ext-definition\0.62.2\flexmark-ext-definition-0.62.2.jar;C:\Users\yohnep25\.m2\repository\com\vladsch\flexmark\flexmark-ext-escaped-character\0.62.2\flexmark-ext-escaped-character-0.62.2.jar;C:\Users\yohnep25\.m2\repository\com\vladsch\flexmark\flexmark-ext-gfm-strikethrough\0.62.2\flexmark-ext-gfm-strikethrough-0.62.2.jar;C:\Users\yohnep25\.m2\repository\com\vladsch\flexmark\flexmark-ext-tables\0.62.2\flexmark-ext-tables-0.62.2.jar;C:\Users\yohnep25\.m2\repository\com\vladsch\flexmark\flexmark-ext-typographic\0.62.2\flexmark-ext-typographic-0.62.2.jar;C:\Users\yohnep25\.m2\repository\com\vladsch\flexmark\flexmark-ext-wikilink\0.62.2\flexmark-ext-wikilink-0.62.2.jar;C:\Users\yohnep25\.m2\repository\com\vladsch\flexmark\flexmark-ext-yaml-front-matter\0.62.2\flexmark-ext-yaml-front-matter-0.62.2.jar;C:\Users\yohnep25\.m2\repository\org\jetbrains\annotations\24.1.0\annotations-24.1.0.jar;C:\Users\yohnep25\.m2\repository\org\apache\maven\doxia\doxia-site-model\2.0.0-M19\doxia-site-model-2.0.0-M19.jar;C:\Users\yohnep25\.m2\repository\org\eclipse\sisu\org.eclipse.sisu.plexus\0.9.0.M2\org.eclipse.sisu.plexus-0.9.0.M2.jar;C:\Users\yohnep25\.m2\repository\javax\annotation\javax.annotation-api\1.2\javax.annotation-api-1.2.jar;C:\Users\yohnep25\.m2\repository\javax\enterprise\cdi-api\1.2\cdi-api-1.2.jar;C:\Users\yohnep25\.m2\repository\org\eclipse\sisu\org.eclipse.sisu.inject\0.9.0.M2\org.eclipse.sisu.inject-0.9.0.M2.jar;C:\Users\yohnep25\.m2\repository\org\codehaus\plexus\plexus-component-annotations\2.1.0\plexus-component-annotations-2.1.0.jar;C:\Users\yohnep25\.m2\repository\org\apache\maven\doxia\doxia-site-renderer\2.0.0-M19\doxia-site-renderer-2.0.0-M19.jar;C:\Users\yohnep25\.m2\repository\org\apache\maven\doxia\doxia-skin-model\2.0.0-M19\doxia-skin-model-2.0.0-M19.jar;C:\Users\yohnep25\.m2\repository\org\codehaus\plexus\plexus-velocity\2.1.0\plexus-velocity-2.1.0.jar;C:\Users\yohnep25\.m2\repository\org\apache\velocity\velocity-engine-core\2.3\velocity-engine-core-2.3.jar;C:\Users\yohnep25\.m2\repository\org\apache\velocity\tools\velocity-tools-generic\3.1\velocity-tools-generic-3.1.jar;C:\Users\yohnep25\.m2\repository\commons-beanutils\commons-beanutils\1.9.4\commons-beanutils-1.9.4.jar;C:\Users\yohnep25\.m2\repository\commons-logging\commons-logging\1.2\commons-logging-1.2.jar;C:\Users\yohnep25\.m2\repository\commons-collections\commons-collections\3.2.2\commons-collections-3.2.2.jar;C:\Users\yohnep25\.m2\repository\org\apache\commons\commons-digester3\3.2\commons-digester3-3.2.jar;C:\Users\yohnep25\.m2\repository\com\github\cliftonlabs\json-simple\3.0.2\json-simple-3.0.2.jar;C:\Users\yohnep25\.m2\repository\org\apache\maven\doxia\doxia-integration-tools\2.0.0-M19\doxia-integration-tools-2.0.0-M19.jar;C:\Users\yohnep25\.m2\repository\org\apache\commons\commons-lang3\3.14.0\commons-lang3-3.14.0.jar;C:\Users\yohnep25\.m2\repository\org\eclipse\jetty\jetty-server\9.4.54.v20240208\jetty-server-9.4.54.v20240208.jar;C:\Users\yohnep25\.m2\repository\javax\servlet\javax.servlet-api\3.1.0\javax.servlet-api-3.1.0.jar;C:\Users\yohnep25\.m2\repository\org\eclipse\jetty\jetty-io\9.4.54.v20240208\jetty-io-9.4.54.v20240208.jar;C:\Users\yohnep25\.m2\repository\org\eclipse\jetty\jetty-http\9.4.54.v20240208\jetty-http-9.4.54.v20240208.jar;C:\Users\yohnep25\.m2\repository\org\eclipse\jetty\jetty-servlet\9.4.54.v20240208\jetty-servlet-9.4.54.v20240208.jar;C:\Users\yohnep25\.m2\repository\org\eclipse\jetty\jetty-security\9.4.54.v20240208\jetty-security-9.4.54.v20240208.jar;C:\Users\yohnep25\.m2\repository\org\eclipse\jetty\jetty-util-ajax\9.4.54.v20240208\jetty-util-ajax-9.4.54.v20240208.jar;C:\Users\yohnep25\.m2\repository\org\eclipse\jetty\jetty-webapp\9.4.54.v20240208\jetty-webapp-9.4.54.v20240208.jar;C:\Users\yohnep25\.m2\repository\org\eclipse\jetty\jetty-xml\9.4.54.v20240208\jetty-xml-9.4.54.v20240208.jar;C:\Users\yohnep25\.m2\repository\org\eclipse\jetty\jetty-util\9.4.54.v20240208\jetty-util-9.4.54.v20240208.jar;C:\Users\yohnep25\.m2\repository\org\apache\maven\plugins\maven-surefire-report-plugin\3.5.2\maven-surefire-report-plugin-3.5.2.jar;C:\Users\yohnep25\.m2\repository\org\apache\maven\surefire\surefire-logger-api\3.5.2\surefire-logger-api-3.5.2.jar;C:\Users\yohnep25\.m2\repository\org\apache\maven\surefire\surefire-report-parser\3.5.2\surefire-report-parser-3.5.2.jar;C:\Users\yohnep25\.m2\repository\org\apache\maven\reporting\maven-reporting-impl\4.0.0\maven-reporting-impl-4.0.0.jar;C:\Users\yohnep25\.m2\repository\org\codehaus\plexus\plexus-interpolation\1.27\plexus-interpolation-1.27.jar;"/>
    <property name="java.vm.vendor" value="Oracle Corporation"/>
    <property name="sun.arch.data.model" value="64"/>
    <property name="user.variant" value=""/>
    <property name="java.vendor.url" value="https://java.oracle.com/"/>
    <property name="user.timezone" value="America/New_York"/>
    <property name="os.name" value="Windows 10"/>
    <property name="java.vm.specification.version" value="17"/>
    <property name="sun.java.launcher" value="SUN_STANDARD"/>
    <property name="user.country" value="US"/>
    <property name="sun.boot.library.path" value="C:\Program Files\Java\jdk-17\bin"/>
    <property name="sun.java.command" value="C:\Users\yohnep25\AppData\Local\Temp\1\surefire1821088258578721940\surefirebooter-20250122144700394_3.jar C:\Users\yohnep25\AppData\Local\Temp\1\surefire1821088258578721940 2025-01-22T14-47-00_143-jvmRun1 surefire-20250122144700394_1tmp surefire_0-20250122144700394_2tmp"/>
    <property name="jdk.debug" value="release"/>
    <property name="surefire.test.class.path" value="C:\Users\yohnep25\IdeaProjects\cen4802\fibonacci-project\target\test-classes;C:\Users\yohnep25\IdeaProjects\cen4802\fibonacci-project\target\classes;C:\Users\yohnep25\.m2\repository\org\junit\jupiter\junit-jupiter\5.10.0\junit-jupiter-5.10.0.jar;C:\Users\yohnep25\.m2\repository\org\junit\jupiter\junit-jupiter-api\5.10.0\junit-jupiter-api-5.10.0.jar;C:\Users\yohnep25\.m2\repository\org\opentest4j\opentest4j\1.3.0\opentest4j-1.3.0.jar;C:\Users\yohnep25\.m2\repository\org\junit\platform\junit-platform-commons\1.10.0\junit-platform-commons-1.10.0.jar;C:\Users\yohnep25\.m2\repository\org\apiguardian\apiguardian-api\1.1.2\apiguardian-api-1.1.2.jar;C:\Users\yohnep25\.m2\repository\org\junit\jupiter\junit-jupiter-params\5.10.0\junit-jupiter-params-5.10.0.jar;C:\Users\yohnep25\.m2\repository\org\junit\jupiter\junit-jupiter-engine\5.10.0\junit-jupiter-engine-5.10.0.jar;C:\Users\yohnep25\.m2\repository\org\junit\platform\junit-platform-engine\1.10.0\junit-platform-engine-1.10.0.jar;C:\Users\yohnep25\.m2\repository\org\apache\maven\plugins\maven-site-plugin\4.0.0-M16\maven-site-plugin-4.0.0-M16.jar;C:\Users\yohnep25\.m2\repository\org\apache\maven\reporting\maven-reporting-api\4.0.0-M12\maven-reporting-api-4.0.0-M12.jar;C:\Users\yohnep25\.m2\repository\org\apache\maven\reporting\maven-reporting-exec\2.0.0-M14\maven-reporting-exec-2.0.0-M14.jar;C:\Users\yohnep25\.m2\repository\org\slf4j\slf4j-api\1.7.36\slf4j-api-1.7.36.jar;C:\Users\yohnep25\.m2\repository\javax\inject\javax.inject\1\javax.inject-1.jar;C:\Users\yohnep25\.m2\repository\org\apache\maven\resolver\maven-resolver-api\1.4.1\maven-resolver-api-1.4.1.jar;C:\Users\yohnep25\.m2\repository\org\apache\maven\resolver\maven-resolver-util\1.4.1\maven-resolver-util-1.4.1.jar;C:\Users\yohnep25\.m2\repository\org\codehaus\plexus\plexus-classworlds\2.6.0\plexus-classworlds-2.6.0.jar;C:\Users\yohnep25\.m2\repository\org\apache\maven\shared\maven-shared-utils\3.4.2\maven-shared-utils-3.4.2.jar;C:\Users\yohnep25\.m2\repository\commons-io\commons-io\2.11.0\commons-io-2.11.0.jar;C:\Users\yohnep25\.m2\repository\org\apache\maven\maven-archiver\3.6.2\maven-archiver-3.6.2.jar;C:\Users\yohnep25\.m2\repository\org\codehaus\plexus\plexus-archiver\4.10.0\plexus-archiver-4.10.0.jar;C:\Users\yohnep25\.m2\repository\org\codehaus\plexus\plexus-io\3.5.0\plexus-io-3.5.0.jar;C:\Users\yohnep25\.m2\repository\org\apache\commons\commons-compress\1.26.2\commons-compress-1.26.2.jar;C:\Users\yohnep25\.m2\repository\commons-codec\commons-codec\1.17.0\commons-codec-1.17.0.jar;C:\Users\yohnep25\.m2\repository\io\airlift\aircompressor\0.27\aircompressor-0.27.jar;C:\Users\yohnep25\.m2\repository\org\tukaani\xz\1.9\xz-1.9.jar;C:\Users\yohnep25\.m2\repository\com\github\luben\zstd-jni\1.5.6-3\zstd-jni-1.5.6-3.jar;C:\Users\yohnep25\.m2\repository\org\codehaus\plexus\plexus-i18n\1.0-beta-10\plexus-i18n-1.0-beta-10.jar;C:\Users\yohnep25\.m2\repository\org\codehaus\plexus\plexus-utils\4.0.1\plexus-utils-4.0.1.jar;C:\Users\yohnep25\.m2\repository\org\codehaus\plexus\plexus-xml\3.0.0\plexus-xml-3.0.0.jar;C:\Users\yohnep25\.m2\repository\org\apache\maven\doxia\doxia-sink-api\2.0.0-M12\doxia-sink-api-2.0.0-M12.jar;C:\Users\yohnep25\.m2\repository\org\apache\maven\doxia\doxia-core\2.0.0-M12\doxia-core-2.0.0-M12.jar;C:\Users\yohnep25\.m2\repository\org\apache\commons\commons-text\1.12.0\commons-text-1.12.0.jar;C:\Users\yohnep25\.m2\repository\org\apache\maven\doxia\doxia-module-xhtml5\2.0.0-M12\doxia-module-xhtml5-2.0.0-M12.jar;C:\Users\yohnep25\.m2\repository\org\apache\maven\doxia\doxia-module-apt\2.0.0-M12\doxia-module-apt-2.0.0-M12.jar;C:\Users\yohnep25\.m2\repository\org\apache\maven\doxia\doxia-module-xdoc\2.0.0-M12\doxia-module-xdoc-2.0.0-M12.jar;C:\Users\yohnep25\.m2\repository\org\apache\maven\doxia\doxia-module-fml\2.0.0-M12\doxia-module-fml-2.0.0-M12.jar;C:\Users\yohnep25\.m2\repository\org\apache\maven\doxia\doxia-module-markdown\2.0.0-M12\doxia-module-markdown-2.0.0-M12.jar;C:\Users\yohnep25\.m2\repository\com\vladsch\flexmark\flexmark\0.62.2\flexmark-0.62.2.jar;C:\Users\yohnep25\.m2\repository\com\vladsch\flexmark\flexmark-util-builder\0.62.2\flexmark-util-builder-0.62.2.jar;C:\Users\yohnep25\.m2\repository\com\vladsch\flexmark\flexmark-util-collection\0.62.2\flexmark-util-collection-0.62.2.jar;C:\Users\yohnep25\.m2\repository\com\vladsch\flexmark\flexmark-util-dependency\0.62.2\flexmark-util-dependency-0.62.2.jar;C:\Users\yohnep25\.m2\repository\com\vladsch\flexmark\flexmark-util-format\0.62.2\flexmark-util-format-0.62.2.jar;C:\Users\yohnep25\.m2\repository\com\vladsch\flexmark\flexmark-util-html\0.62.2\flexmark-util-html-0.62.2.jar;C:\Users\yohnep25\.m2\repository\com\vladsch\flexmark\flexmark-util-visitor\0.62.2\flexmark-util-visitor-0.62.2.jar;C:\Users\yohnep25\.m2\repository\com\vladsch\flexmark\flexmark-util-data\0.62.2\flexmark-util-data-0.62.2.jar;C:\Users\yohnep25\.m2\repository\com\vladsch\flexmark\flexmark-util-misc\0.62.2\flexmark-util-misc-0.62.2.jar;C:\Users\yohnep25\.m2\repository\com\vladsch\flexmark\flexmark-util-sequence\0.62.2\flexmark-util-sequence-0.62.2.jar;C:\Users\yohnep25\.m2\repository\com\vladsch\flexmark\flexmark-util-ast\0.62.2\flexmark-util-ast-0.62.2.jar;C:\Users\yohnep25\.m2\repository\com\vladsch\flexmark\flexmark-ext-abbreviation\0.62.2\flexmark-ext-abbreviation-0.62.2.jar;C:\Users\yohnep25\.m2\repository\com\vladsch\flexmark\flexmark-util\0.62.2\flexmark-util-0.62.2.jar;C:\Users\yohnep25\.m2\repository\com\vladsch\flexmark\flexmark-util-options\0.62.2\flexmark-util-options-0.62.2.jar;C:\Users\yohnep25\.m2\repository\com\vladsch\flexmark\flexmark-ext-autolink\0.62.2\flexmark-ext-autolink-0.62.2.jar;C:\Users\yohnep25\.m2\repository\org\nibor\autolink\autolink\0.6.0\autolink-0.6.0.jar;C:\Users\yohnep25\.m2\repository\com\vladsch\flexmark\flexmark-ext-definition\0.62.2\flexmark-ext-definition-0.62.2.jar;C:\Users\yohnep25\.m2\repository\com\vladsch\flexmark\flexmark-ext-escaped-character\0.62.2\flexmark-ext-escaped-character-0.62.2.jar;C:\Users\yohnep25\.m2\repository\com\vladsch\flexmark\flexmark-ext-gfm-strikethrough\0.62.2\flexmark-ext-gfm-strikethrough-0.62.2.jar;C:\Users\yohnep25\.m2\repository\com\vladsch\flexmark\flexmark-ext-tables\0.62.2\flexmark-ext-tables-0.62.2.jar;C:\Users\yohnep25\.m2\repository\com\vladsch\flexmark\flexmark-ext-typographic\0.62.2\flexmark-ext-typographic-0.62.2.jar;C:\Users\yohnep25\.m2\repository\com\vladsch\flexmark\flexmark-ext-wikilink\0.62.2\flexmark-ext-wikilink-0.62.2.jar;C:\Users\yohnep25\.m2\repository\com\vladsch\flexmark\flexmark-ext-yaml-front-matter\0.62.2\flexmark-ext-yaml-front-matter-0.62.2.jar;C:\Users\yohnep25\.m2\repository\org\jetbrains\annotations\24.1.0\annotations-24.1.0.jar;C:\Users\yohnep25\.m2\repository\org\apache\maven\doxia\doxia-site-model\2.0.0-M19\doxia-site-model-2.0.0-M19.jar;C:\Users\yohnep25\.m2\repository\org\eclipse\sisu\org.eclipse.sisu.plexus\0.9.0.M2\org.eclipse.sisu.plexus-0.9.0.M2.jar;C:\Users\yohnep25\.m2\repository\javax\annotation\javax.annotation-api\1.2\javax.annotation-api-1.2.jar;C:\Users\yohnep25\.m2\repository\javax\enterprise\cdi-api\1.2\cdi-api-1.2.jar;C:\Users\yohnep25\.m2\repository\org\eclipse\sisu\org.eclipse.sisu.inject\0.9.0.M2\org.eclipse.sisu.inject-0.9.0.M2.jar;C:\Users\yohnep25\.m2\repository\org\codehaus\plexus\plexus-component-annotations\2.1.0\plexus-component-annotations-2.1.0.jar;C:\Users\yohnep25\.m2\repository\org\apache\maven\doxia\doxia-site-renderer\2.0.0-M19\doxia-site-renderer-2.0.0-M19.jar;C:\Users\yohnep25\.m2\repository\org\apache\maven\doxia\doxia-skin-model\2.0.0-M19\doxia-skin-model-2.0.0-M19.jar;C:\Users\yohnep25\.m2\repository\org\codehaus\plexus\plexus-velocity\2.1.0\plexus-velocity-2.1.0.jar;C:\Users\yohnep25\.m2\repository\org\apache\velocity\velocity-engine-core\2.3\velocity-engine-core-2.3.jar;C:\Users\yohnep25\.m2\repository\org\apache\velocity\tools\velocity-tools-generic\3.1\velocity-tools-generic-3.1.jar;C:\Users\yohnep25\.m2\repository\commons-beanutils\commons-beanutils\1.9.4\commons-beanutils-1.9.4.jar;C:\Users\yohnep25\.m2\repository\commons-logging\commons-logging\1.2\commons-logging-1.2.jar;C:\Users\yohnep25\.m2\repository\commons-collections\commons-collections\3.2.2\commons-collections-3.2.2.jar;C:\Users\yohnep25\.m2\repository\org\apache\commons\commons-digester3\3.2\commons-digester3-3.2.jar;C:\Users\yohnep25\.m2\repository\com\github\cliftonlabs\json-simple\3.0.2\json-simple-3.0.2.jar;C:\Users\yohnep25\.m2\repository\org\apache\maven\doxia\doxia-integration-tools\2.0.0-M19\doxia-integration-tools-2.0.0-M19.jar;C:\Users\yohnep25\.m2\repository\org\apache\commons\commons-lang3\3.14.0\commons-lang3-3.14.0.jar;C:\Users\yohnep25\.m2\repository\org\eclipse\jetty\jetty-server\9.4.54.v20240208\jetty-server-9.4.54.v20240208.jar;C:\Users\yohnep25\.m2\repository\javax\servlet\javax.servlet-api\3.1.0\javax.servlet-api-3.1.0.jar;C:\Users\yohnep25\.m2\repository\org\eclipse\jetty\jetty-io\9.4.54.v20240208\jetty-io-9.4.54.v20240208.jar;C:\Users\yohnep25\.m2\repository\org\eclipse\jetty\jetty-http\9.4.54.v20240208\jetty-http-9.4.54.v20240208.jar;C:\Users\yohnep25\.m2\repository\org\eclipse\jetty\jetty-servlet\9.4.54.v20240208\jetty-servlet-9.4.54.v20240208.jar;C:\Users\yohnep25\.m2\repository\org\eclipse\jetty\jetty-security\9.4.54.v20240208\jetty-security-9.4.54.v20240208.jar;C:\Users\yohnep25\.m2\repository\org\eclipse\jetty\jetty-util-ajax\9.4.54.v20240208\jetty-util-ajax-9.4.54.v20240208.jar;C:\Users\yohnep25\.m2\repository\org\eclipse\jetty\jetty-webapp\9.4.54.v20240208\jetty-webapp-9.4.54.v20240208.jar;C:\Users\yohnep25\.m2\repository\org\eclipse\jetty\jetty-xml\9.4.54.v20240208\jetty-xml-9.4.54.v20240208.jar;C:\Users\yohnep25\.m2\repository\org\eclipse\jetty\jetty-util\9.4.54.v20240208\jetty-util-9.4.54.v20240208.jar;C:\Users\yohnep25\.m2\repository\org\apache\maven\plugins\maven-surefire-report-plugin\3.5.2\maven-surefire-report-plugin-3.5.2.jar;C:\Users\yohnep25\.m2\repository\org\apache\maven\surefire\surefire-logger-api\3.5.2\surefire-logger-api-3.5.2.jar;C:\Users\yohnep25\.m2\repository\org\apache\maven\surefire\surefire-report-parser\3.5.2\surefire-report-parser-3.5.2.jar;C:\Users\yohnep25\.m2\repository\org\apache\maven\reporting\maven-reporting-impl\4.0.0\maven-reporting-impl-4.0.0.jar;C:\Users\yohnep25\.m2\repository\org\codehaus\plexus\plexus-interpolation\1.27\plexus-interpolation-1.27.jar;"/>
    <property name="sun.cpu.endian" value="little"/>
    <property name="user.home" value="C:\Users\yohnep25"/>
    <property name="user.language" value="en"/>
    <property name="java.specification.vendor" value="Oracle Corporation"/>
    <property name="java.version.date" value="2023-10-17"/>
    <property name="java.home" value="C:\Program Files\Java\jdk-17"/>
    <property name="file.separator" value="\"/>
    <property name="basedir" value="C:\Users\yohnep25\IdeaProjects\cen4802\fibonacci-project"/>
    <property name="java.vm.compressedOopsMode" value="Zero based"/>
    <property name="line.separator" value="&#10;"/>
    <property name="java.vm.specification.vendor" value="Oracle Corporation"/>
    <property name="java.specification.name" value="Java Platform API Specification"/>
    <property name="surefire.real.class.path" value="C:\Users\yohnep25\AppData\Local\Temp\1\surefire1821088258578721940\surefirebooter-20250122144700394_3.jar"/>
    <property name="user.script" value=""/>
    <property name="sun.management.compiler" value="HotSpot 64-Bit Tiered Compilers"/>
    <property name="java.runtime.version" value="17.0.9+11-LTS-201"/>
    <property name="user.name" value="YohneP25"/>
    <property name="path.separator" value=";"/>
    <property name="os.version" value="10.0"/>
    <property name="java.runtime.name" value="Java(TM) SE Runtime Environment"/>
    <property name="file.encoding" value="Cp1252"/>
    <property name="java.vm.name" value="Java HotSpot(TM) 64-Bit Server VM"/>
    <property name="localRepository" value="C:\Users\yohnep25\.m2\repository"/>
    <property name="java.vendor.url.bug" value="https://bugreport.java.com/bugreport/"/>
    <property name="java.io.tmpdir" value="C:\Users\yohnep25\AppData\Local\Temp\1\"/>
    <property name="java.version" value="17.0.9"/>
    <property name="user.dir" value="C:\Users\yohnep25\IdeaProjects\cen4802\fibonacci-project"/>
    <property name="os.arch" value="amd64"/>
    <property name="java.vm.specification.name" value="Java Virtual Machine Specification"/>
    <property name="sun.os.patch.level" value=""/>
    <property name="native.encoding" value="Cp1252"/>
    <property name="java.library.path" value="C:\Program Files\Java\jdk-17\bin;C:\WINDOWS\Sun\Java\bin;C:\WINDOWS\system32;C:\WINDOWS;C:\Program Files\Common Files\Oracle\Java\javapath;C:\Program Files\Python311\Scripts\;C:\Program Files\Python311\;C:\WINDOWS\system32;C:\WINDOWS;C:\WINDOWS\System32\Wbem;C:\WINDOWS\System32\WindowsPowerShell\v1.0\;C:\WINDOWS\System32\OpenSSH\;C:\Program Files\PuTTY\;C:\Program Files (x86)\Microsoft SQL Server\150\DTS\Binn\;C:\Program Files\Amazon\AWSCLIV2\;C:\Users\yohnep25\Maven\apache-maven-3.9.6-bin\apache-maven-3.9.6\bin;C:\Program Files\Git\cmd;C:\Program Files (x86)\Microsoft SQL Server\160\DTS\Binn\;C:\Program Files (x86)\Microsoft SQL Server\160\Tools\Binn\;C:\Program Files\Microsoft SQL Server\160\Tools\Binn\;C:\Program Files\Microsoft SQL Server\Client SDK\ODBC\170\Tools\Binn\;C:\Program Files\Microsoft SQL Server\160\DTS\Binn\;C:\Program Files\nodejs\;C:\Program Files\MySQL\MySQL Shell 8.0\bin\;C:\Users\yohnep25\AppData\Local\Microsoft\WindowsApps;C:\Program Files\Azure Data Studio\bin;C:\Users\yohnep25\AppData\Local\Programs\Microsoft VS Code\bin;C:\sqlite;C:\Users\yohnep25\AppData\Local\Programs\Azure Data Studio\bin;C:\Users\yohnep25\AppData\Roaming\npm;."/>
    <property name="java.vm.info" value="mixed mode, sharing"/>
    <property name="java.vendor" value="Oracle Corporation"/>
    <property name="java.vm.version" value="17.0.9+11-LTS-201"/>
    <property name="sun.io.unicode.encoding" value="UnicodeLittle"/>
    <property name="java.class.version" value="61.0"/>
  </properties>
  <testcase name="testFibonacciOne" classname="FibonacciTest" time="0.031"/>
  <testcase name="testFibonacciTen" classname="FibonacciTest" time="0.001"/>
  <testcase name="testFibonacciFive" classname="FibonacciTest" time="0.0"/>
  <testcase name="testFibonacciZero" classname="FibonacciTest" time="0.001"/>
</testsuite>